<?xml version="1.0" encoding="UTF-8"?>
<!-- Generated by org.testng.reporters.JUnitReportReporter -->
<testsuite skipped="0" hostname="karthik" name="CucumberOptions.TestRunner" tests="1" failures="0" timestamp="26 Jan 2021 17:00:04 GMT" time="164.188" errors="0">
  <testcase name="feature" time="164.188" classname="CucumberOptions.TestRunner"/>
</testsuite> <!-- CucumberOptions.TestRunner -->
