<?xml version="1.0" encoding="UTF-8"?>
<!-- Generated by org.testng.reporters.JUnitReportReporter -->
<testsuite skipped="0" hostname="karthik" name="StepDefinition.manufacturing" tests="7" failures="0" timestamp="26 Jan 2021 15:24:19 GMT" time="178.718" errors="0">
  <testcase name="firsttrack_Register_Page" time="31.398" classname="StepDefinition.manufacturing"/>
  <testcase name="registration_based_on_Manufacturing" time="22.498" classname="StepDefinition.manufacturing"/>
  <testcase name="subscription" time="41.232" classname="StepDefinition.manufacturing"/>
  <testcase name="add_customer" time="26.858" classname="StepDefinition.manufacturing"/>
  <testcase name="add_Operator" time="21.755" classname="StepDefinition.manufacturing"/>
  <testcase name="add_process" time="18.866" classname="StepDefinition.manufacturing"/>
  <testcase name="logged_out" time="16.111" classname="StepDefinition.manufacturing"/>
</testsuite> <!-- StepDefinition.manufacturing -->
